<?xml version="1.0" encoding="UTF-8"?>
<!-- Generated by org.testng.reporters.JUnitReportReporter -->
<testsuite hostname="fv-az194-280" failures="0" tests="2" name="runner.TestRunner" time="7.315" errors="0" timestamp="2022-03-12T18:14:21 UTC" skipped="0">
  <testcase classname="runner.TestRunner" name="runScenario" time="6.310"/>
  <system-out/>
  <testcase classname="runner.TestRunner" name="runScenario" time="1.005"/>
  <system-out/>
</testsuite> <!-- runner.TestRunner -->
